<?xml version="1.0" encoding="UTF-8"?>
<testng-results ignored="0" total="1" passed="1" failed="0" skipped="0">
  <reporter-output>
  </reporter-output>
  <suite started-at="2024-05-01T00:22:24 CEST" name="Suite" finished-at="2024-05-01T00:22:44 CEST" duration-ms="20119">
    <groups>
    </groups>
    <test started-at="2024-05-01T00:22:24 CEST" name="Test" finished-at="2024-05-01T00:22:44 CEST" duration-ms="20119">
      <class name="testCases.FileUploadDemo2">
        <test-method is-config="true" signature="setup()[pri:0, instance:testCases.FileUploadDemo2@411f53a0]" started-at="2024-05-01T00:22:24 CEST" name="setup" finished-at="2024-05-01T00:22:37 CEST" duration-ms="12737" status="PASS">
          <reporter-output>
          </reporter-output>
        </test-method> <!-- setup -->
        <test-method signature="fileUploadTest()[pri:0, instance:testCases.FileUploadDemo2@411f53a0]" started-at="2024-05-01T00:22:37 CEST" name="fileUploadTest" finished-at="2024-05-01T00:22:41 CEST" duration-ms="4448" status="PASS">
          <reporter-output>
          </reporter-output>
        </test-method> <!-- fileUploadTest -->
        <test-method is-config="true" signature="tearDown()[pri:0, instance:testCases.FileUploadDemo2@411f53a0]" started-at="2024-05-01T00:22:41 CEST" name="tearDown" finished-at="2024-05-01T00:22:44 CEST" duration-ms="2696" status="PASS">
          <reporter-output>
          </reporter-output>
        </test-method> <!-- tearDown -->
      </class> <!-- testCases.FileUploadDemo2 -->
    </test> <!-- Test -->
  </suite> <!-- Suite -->
</testng-results>
